{"contracts/Raffle.sol":{"l":{"63":3,"64":3,"65":3,"66":3,"67":3,"68":3,"69":3,"70":3,"76":15,"77":1,"79":14,"80":1,"83":13,"86":13,"106":10,"107":10,"108":10,"109":10,"110":10,"111":10,"119":6,"121":6,"122":1,"128":5,"129":5,"137":5,"154":1,"155":1,"156":1,"157":1,"158":1,"159":1,"160":1,"162":1,"163":0,"165":1,"171":4,"175":0,"179":0,"183":1,"187":2,"191":2,"195":14,"199":14,"203":0},"path":"/home/vishnu/SmartContract/hardhat-SmartContract-lottery/contracts/Raffle.sol","s":{"1":3,"2":3,"3":3,"4":3,"5":3,"6":3,"7":3,"8":3,"9":15,"10":14,"11":13,"12":13,"13":10,"14":10,"15":10,"16":10,"17":10,"18":10,"19":6,"20":6,"21":5,"22":5,"23":5,"24":1,"25":1,"26":1,"27":1,"28":1,"29":1,"30":1,"31":1,"32":1,"33":4,"34":0,"35":0,"36":1,"37":2,"38":2,"39":14,"40":14,"41":0},"b":{"1":[1,14],"2":[1,13],"3":[1,5],"4":[0,1]},"f":{"1":3,"2":15,"3":10,"4":6,"5":1,"6":4,"7":0,"8":0,"9":1,"10":2,"11":2,"12":14,"13":14,"14":0},"fnMap":{"1":{"name":"constructor","line":62,"loc":{"start":{"line":55,"column":4},"end":{"line":71,"column":4}}},"2":{"name":"enterRaffle","line":73,"loc":{"start":{"line":73,"column":4},"end":{"line":87,"column":4}}},"3":{"name":"checkUpkeep","line":98,"loc":{"start":{"line":98,"column":4},"end":{"line":112,"column":4}}},"4":{"name":"performUpkeep","line":118,"loc":{"start":{"line":118,"column":4},"end":{"line":138,"column":4}}},"5":{"name":"fulfillRandomWords","line":144,"loc":{"start":{"line":144,"column":4},"end":{"line":166,"column":4}}},"6":{"name":"getRaffleState","line":170,"loc":{"start":{"line":170,"column":4},"end":{"line":172,"column":4}}},"7":{"name":"getNumWords","line":174,"loc":{"start":{"line":174,"column":4},"end":{"line":176,"column":4}}},"8":{"name":"getRequestConfirmations","line":178,"loc":{"start":{"line":178,"column":4},"end":{"line":180,"column":4}}},"9":{"name":"getRecentWinner","line":182,"loc":{"start":{"line":182,"column":4},"end":{"line":184,"column":4}}},"10":{"name":"getPlayer","line":186,"loc":{"start":{"line":186,"column":4},"end":{"line":188,"column":4}}},"11":{"name":"getLastTimeStamp","line":190,"loc":{"start":{"line":190,"column":4},"end":{"line":192,"column":4}}},"12":{"name":"getInterval","line":194,"loc":{"start":{"line":194,"column":4},"end":{"line":196,"column":4}}},"13":{"name":"getEntranceFee","line":198,"loc":{"start":{"line":198,"column":4},"end":{"line":200,"column":4}}},"14":{"name":"getNumberOfPlayers","line":202,"loc":{"start":{"line":202,"column":4},"end":{"line":204,"column":4}}}},"statementMap":{"1":{"start":{"line":63,"column":8},"end":{"line":63,"column":69}},"2":{"start":{"line":64,"column":8},"end":{"line":64,"column":26}},"3":{"start":{"line":65,"column":8},"end":{"line":65,"column":28}},"4":{"start":{"line":66,"column":8},"end":{"line":66,"column":40}},"5":{"start":{"line":67,"column":8},"end":{"line":67,"column":34}},"6":{"start":{"line":68,"column":8},"end":{"line":68,"column":39}},"7":{"start":{"line":69,"column":8},"end":{"line":69,"column":40}},"8":{"start":{"line":70,"column":8},"end":{"line":70,"column":44}},"9":{"start":{"line":76,"column":8},"end":{"line":76,"column":2652}},"10":{"start":{"line":79,"column":8},"end":{"line":79,"column":2755}},"11":{"start":{"line":83,"column":8},"end":{"line":83,"column":42}},"12":{"start":{"line":86,"column":8},"end":{"line":86,"column":36}},"13":{"start":{"line":106,"column":8},"end":{"line":106,"column":55}},"14":{"start":{"line":107,"column":8},"end":{"line":107,"column":76}},"15":{"start":{"line":108,"column":8},"end":{"line":108,"column":46}},"16":{"start":{"line":109,"column":8},"end":{"line":109,"column":51}},"17":{"start":{"line":110,"column":8},"end":{"line":110,"column":72}},"18":{"start":{"line":111,"column":8},"end":{"line":111,"column":36}},"19":{"start":{"line":119,"column":8},"end":{"line":119,"column":47}},"20":{"start":{"line":121,"column":8},"end":{"line":121,"column":4428}},"21":{"start":{"line":128,"column":8},"end":{"line":128,"column":46}},"22":{"start":{"line":129,"column":8},"end":{"line":129,"column":4688}},"23":{"start":{"line":137,"column":8},"end":{"line":137,"column":45}},"24":{"start":{"line":154,"column":8},"end":{"line":154,"column":65}},"25":{"start":{"line":155,"column":8},"end":{"line":155,"column":63}},"26":{"start":{"line":156,"column":8},"end":{"line":156,"column":36}},"27":{"start":{"line":157,"column":8},"end":{"line":157,"column":43}},"28":{"start":{"line":158,"column":8},"end":{"line":158,"column":39}},"29":{"start":{"line":159,"column":8},"end":{"line":159,"column":40}},"30":{"start":{"line":160,"column":8},"end":{"line":160,"column":78}},"31":{"start":{"line":162,"column":8},"end":{"line":162,"column":5862}},"32":{"start":{"line":165,"column":8},"end":{"line":165,"column":39}},"33":{"start":{"line":171,"column":8},"end":{"line":171,"column":28}},"34":{"start":{"line":175,"column":8},"end":{"line":175,"column":24}},"35":{"start":{"line":179,"column":8},"end":{"line":179,"column":36}},"36":{"start":{"line":183,"column":8},"end":{"line":183,"column":29}},"37":{"start":{"line":187,"column":8},"end":{"line":187,"column":31}},"38":{"start":{"line":191,"column":8},"end":{"line":191,"column":30}},"39":{"start":{"line":195,"column":8},"end":{"line":195,"column":25}},"40":{"start":{"line":199,"column":8},"end":{"line":199,"column":28}},"41":{"start":{"line":203,"column":8},"end":{"line":203,"column":31}}},"branchMap":{"1":{"line":76,"type":"if","locations":[{"start":{"line":76,"column":8},"end":{"line":76,"column":8}},{"start":{"line":76,"column":8},"end":{"line":76,"column":8}}]},"2":{"line":79,"type":"if","locations":[{"start":{"line":79,"column":8},"end":{"line":79,"column":8}},{"start":{"line":79,"column":8},"end":{"line":79,"column":8}}]},"3":{"line":121,"type":"if","locations":[{"start":{"line":121,"column":8},"end":{"line":121,"column":8}},{"start":{"line":121,"column":8},"end":{"line":121,"column":8}}]},"4":{"line":162,"type":"if","locations":[{"start":{"line":162,"column":8},"end":{"line":162,"column":8}},{"start":{"line":162,"column":8},"end":{"line":162,"column":8}}]}}},"contracts/test/VRFCoordinatorV2Mock.sol":{"l":{},"path":"/home/vishnu/SmartContract/hardhat-SmartContract-lottery/contracts/test/VRFCoordinatorV2Mock.sol","s":{},"b":{},"f":{},"fnMap":{},"statementMap":{},"branchMap":{}}}