TN:
SF:/home/vishnu/SmartContract/hardhat-SmartContract-lottery/contracts/Raffle.sol
FN:62,constructor
FN:73,enterRaffle
FN:98,checkUpkeep
FN:118,performUpkeep
FN:144,fulfillRandomWords
FN:170,getRaffleState
FN:174,getNumWords
FN:178,getRequestConfirmations
FN:182,getRecentWinner
FN:186,getPlayer
FN:190,getLastTimeStamp
FN:194,getInterval
FN:198,getEntranceFee
FN:202,getNumberOfPlayers
FNF:14
FNH:11
FNDA:3,constructor
FNDA:15,enterRaffle
FNDA:10,checkUpkeep
FNDA:6,performUpkeep
FNDA:1,fulfillRandomWords
FNDA:4,getRaffleState
FNDA:0,getNumWords
FNDA:0,getRequestConfirmations
FNDA:1,getRecentWinner
FNDA:2,getPlayer
FNDA:2,getLastTimeStamp
FNDA:14,getInterval
FNDA:14,getEntranceFee
FNDA:0,getNumberOfPlayers
DA:63,3
DA:64,3
DA:65,3
DA:66,3
DA:67,3
DA:68,3
DA:69,3
DA:70,3
DA:76,15
DA:77,1
DA:79,14
DA:80,1
DA:83,13
DA:86,13
DA:106,10
DA:107,10
DA:108,10
DA:109,10
DA:110,10
DA:111,10
DA:119,6
DA:121,6
DA:122,1
DA:128,5
DA:129,5
DA:137,5
DA:154,1
DA:155,1
DA:156,1
DA:157,1
DA:158,1
DA:159,1
DA:160,1
DA:162,1
DA:163,0
DA:165,1
DA:171,4
DA:175,0
DA:179,0
DA:183,1
DA:187,2
DA:191,2
DA:195,14
DA:199,14
DA:203,0
LF:45
LH:41
BRDA:76,1,0,1
BRDA:76,1,1,14
BRDA:79,2,0,1
BRDA:79,2,1,13
BRDA:121,3,0,1
BRDA:121,3,1,5
BRDA:162,4,0,0
BRDA:162,4,1,1
BRF:8
BRH:7
end_of_record
TN:
SF:/home/vishnu/SmartContract/hardhat-SmartContract-lottery/contracts/test/VRFCoordinatorV2Mock.sol
FNF:0
FNH:0
LF:0
LH:0
BRF:0
BRH:0
end_of_record
